<?xml version='1.0' encoding='UTF-8'?>
<testsuite hostname="Joes-Laptop.local" name="Week2.Wednesday.TwoNumbersSpec" tests="8" errors="0" failures="0" skipped="0" time="0.005" timestamp="2024-07-10T11:58:16">
          <properties>
[...]
</properties>
          <testcase classname="Week2.Wednesday.TwoNumbersSpec" name="add should add numbers" time="0.005">
                      
                    </testcase><testcase classname="Week2.Wednesday.TwoNumbersSpec" name="subtractYFromX should subtract numbers" time="0.0">
                      
                    </testcase><testcase classname="Week2.Wednesday.TwoNumbersSpec" name="subtractXFromY should subtract numbers" time="0.0">
                      
                    </testcase><testcase classname="Week2.Wednesday.TwoNumbersSpec" name="multiply should multiply numbers" time="0.0">
                      
                    </testcase><testcase classname="Week2.Wednesday.TwoNumbersSpec" name="divide should divide numbers" time="0.0">
                      
                    </testcase><testcase classname="Week2.Wednesday.TwoNumbersSpec" name="isAMultiple should return true when x is a multiple of y" time="0.0">
                      
                    </testcase><testcase classname="Week2.Wednesday.TwoNumbersSpec" name="isAMultiple should return false when x is not a multiple of y" time="0.0">
                      
                    </testcase><testcase classname="Week2.Wednesday.TwoNumbersSpec" name="isAMultiple should throw IllegalArgumentException when y is 0" time="0.0">
                      
                    </testcase>
          <system-out><![CDATA[]]></system-out>
          <system-err><![CDATA[]]></system-err>
        </testsuite>